<?xml version="1.0" encoding="UTF-8"?>
<coverage generated="1741420518002" clover="3.2.0">
  <project timestamp="1741420518002" name="All files">
    <metrics statements="5" coveredstatements="2" conditionals="0" coveredconditionals="0" methods="1" coveredmethods="1" elements="6" coveredelements="3" complexity="0" loc="5" ncloc="5" packages="1" files="4" classes="4"/>
    <file name="categoryModel.js" path="/Users/zhenxu/Documents/Code/Trae Projects/cs4218-2420-ecom-project-team07/models/categoryModel.js">
      <metrics statements="1" coveredstatements="0" conditionals="0" coveredconditionals="0" methods="0" coveredmethods="0"/>
      <line num="3" count="0" type="stmt"/>
    </file>
    <file name="orderModel.js" path="/Users/zhenxu/Documents/Code/Trae Projects/cs4218-2420-ecom-project-team07/models/orderModel.js">
      <metrics statements="2" coveredstatements="2" conditionals="0" coveredconditionals="0" methods="1" coveredmethods="1"/>
      <line num="3" count="1" type="stmt"/>
      <line num="13" count="13" type="stmt"/>
    </file>
    <file name="productModel.js" path="/Users/zhenxu/Documents/Code/Trae Projects/cs4218-2420-ecom-project-team07/models/productModel.js">
      <metrics statements="1" coveredstatements="0" conditionals="0" coveredconditionals="0" methods="0" coveredmethods="0"/>
      <line num="3" count="0" type="stmt"/>
    </file>
    <file name="userModel.js" path="/Users/zhenxu/Documents/Code/Trae Projects/cs4218-2420-ecom-project-team07/models/userModel.js">
      <metrics statements="1" coveredstatements="0" conditionals="0" coveredconditionals="0" methods="0" coveredmethods="0"/>
      <line num="3" count="0" type="stmt"/>
    </file>
  </project>
</coverage>
