{"/Users/zhenxu/Documents/Code/Trae Projects/cs4218-2420-ecom-project-team07/controllers/authController.js": {"path":"/Users/zhenxu/Documents/Code/Trae Projects/cs4218-2420-ecom-project-team07/controllers/authController.js","statementMap":{"0":{"start":{"line":7,"column":34},"end":{"line":68,"column":1}},"1":{"start":{"line":8,"column":2},"end":{"line":67,"column":3}},"2":{"start":{"line":9,"column":62},"end":{"line":9,"column":70}},"3":{"start":{"line":11,"column":4},"end":{"line":13,"column":5}},"4":{"start":{"line":12,"column":6},"end":{"line":12,"column":53}},"5":{"start":{"line":14,"column":4},"end":{"line":16,"column":5}},"6":{"start":{"line":15,"column":6},"end":{"line":15,"column":56}},"7":{"start":{"line":18,"column":23},"end":{"line":18,"column":51}},"8":{"start":{"line":19,"column":4},"end":{"line":21,"column":5}},"9":{"start":{"line":20,"column":6},"end":{"line":20,"column":59}},"10":{"start":{"line":22,"column":4},"end":{"line":24,"column":5}},"11":{"start":{"line":23,"column":6},"end":{"line":23,"column":59}},"12":{"start":{"line":25,"column":4},"end":{"line":27,"column":5}},"13":{"start":{"line":26,"column":6},"end":{"line":26,"column":59}},"14":{"start":{"line":28,"column":4},"end":{"line":30,"column":5}},"15":{"start":{"line":29,"column":6},"end":{"line":29,"column":58}},"16":{"start":{"line":31,"column":4},"end":{"line":33,"column":5}},"17":{"start":{"line":32,"column":6},"end":{"line":32,"column":57}},"18":{"start":{"line":35,"column":26},"end":{"line":35,"column":60}},"19":{"start":{"line":37,"column":4},"end":{"line":42,"column":5}},"20":{"start":{"line":38,"column":6},"end":{"line":41,"column":9}},"21":{"start":{"line":44,"column":27},"end":{"line":44,"column":55}},"22":{"start":{"line":46,"column":17},"end":{"line":53,"column":13}},"23":{"start":{"line":55,"column":4},"end":{"line":59,"column":7}},"24":{"start":{"line":61,"column":4},"end":{"line":61,"column":23}},"25":{"start":{"line":62,"column":4},"end":{"line":66,"column":7}},"26":{"start":{"line":71,"column":31},"end":{"line":121,"column":1}},"27":{"start":{"line":72,"column":2},"end":{"line":120,"column":3}},"28":{"start":{"line":73,"column":32},"end":{"line":73,"column":40}},"29":{"start":{"line":75,"column":4},"end":{"line":80,"column":5}},"30":{"start":{"line":76,"column":6},"end":{"line":79,"column":9}},"31":{"start":{"line":82,"column":17},"end":{"line":82,"column":51}},"32":{"start":{"line":83,"column":4},"end":{"line":88,"column":5}},"33":{"start":{"line":84,"column":6},"end":{"line":87,"column":9}},"34":{"start":{"line":89,"column":18},"end":{"line":89,"column":64}},"35":{"start":{"line":90,"column":4},"end":{"line":95,"column":5}},"36":{"start":{"line":91,"column":6},"end":{"line":94,"column":9}},"37":{"start":{"line":97,"column":18},"end":{"line":99,"column":6}},"38":{"start":{"line":100,"column":4},"end":{"line":112,"column":7}},"39":{"start":{"line":114,"column":4},"end":{"line":114,"column":23}},"40":{"start":{"line":115,"column":4},"end":{"line":119,"column":7}},"41":{"start":{"line":124,"column":40},"end":{"line":164,"column":1}},"42":{"start":{"line":125,"column":2},"end":{"line":163,"column":3}},"43":{"start":{"line":126,"column":43},"end":{"line":126,"column":51}},"44":{"start":{"line":127,"column":4},"end":{"line":129,"column":5}},"45":{"start":{"line":128,"column":6},"end":{"line":128,"column":68}},"46":{"start":{"line":131,"column":23},"end":{"line":131,"column":51}},"47":{"start":{"line":132,"column":4},"end":{"line":134,"column":5}},"48":{"start":{"line":133,"column":6},"end":{"line":133,"column":59}},"49":{"start":{"line":135,"column":4},"end":{"line":137,"column":5}},"50":{"start":{"line":136,"column":6},"end":{"line":136,"column":69}},"51":{"start":{"line":138,"column":4},"end":{"line":140,"column":5}},"52":{"start":{"line":139,"column":6},"end":{"line":139,"column":75}},"53":{"start":{"line":142,"column":17},"end":{"line":142,"column":59}},"54":{"start":{"line":144,"column":4},"end":{"line":149,"column":5}},"55":{"start":{"line":145,"column":6},"end":{"line":148,"column":9}},"56":{"start":{"line":150,"column":19},"end":{"line":150,"column":50}},"57":{"start":{"line":151,"column":4},"end":{"line":151,"column":70}},"58":{"start":{"line":152,"column":4},"end":{"line":155,"column":7}},"59":{"start":{"line":157,"column":4},"end":{"line":157,"column":23}},"60":{"start":{"line":158,"column":4},"end":{"line":162,"column":7}},"61":{"start":{"line":167,"column":30},"end":{"line":174,"column":1}},"62":{"start":{"line":168,"column":2},"end":{"line":173,"column":3}},"63":{"start":{"line":169,"column":4},"end":{"line":169,"column":33}},"64":{"start":{"line":171,"column":4},"end":{"line":171,"column":23}},"65":{"start":{"line":172,"column":4},"end":{"line":172,"column":24}},"66":{"start":{"line":177,"column":39},"end":{"line":218,"column":1}},"67":{"start":{"line":178,"column":2},"end":{"line":217,"column":3}},"68":{"start":{"line":179,"column":54},"end":{"line":179,"column":62}},"69":{"start":{"line":180,"column":17},"end":{"line":180,"column":55}},"70":{"start":{"line":183,"column":4},"end":{"line":188,"column":5}},"71":{"start":{"line":184,"column":6},"end":{"line":187,"column":9}},"72":{"start":{"line":191,"column":4},"end":{"line":193,"column":5}},"73":{"start":{"line":192,"column":6},"end":{"line":192,"column":78}},"74":{"start":{"line":194,"column":27},"end":{"line":194,"column":78}},"75":{"start":{"line":195,"column":24},"end":{"line":204,"column":5}},"76":{"start":{"line":205,"column":4},"end":{"line":209,"column":7}},"77":{"start":{"line":211,"column":4},"end":{"line":211,"column":23}},"78":{"start":{"line":212,"column":4},"end":{"line":216,"column":7}},"79":{"start":{"line":221,"column":35},"end":{"line":236,"column":1}},"80":{"start":{"line":222,"column":2},"end":{"line":235,"column":3}},"81":{"start":{"line":223,"column":19},"end":{"line":226,"column":32}},"82":{"start":{"line":227,"column":4},"end":{"line":227,"column":21}},"83":{"start":{"line":229,"column":4},"end":{"line":229,"column":23}},"84":{"start":{"line":230,"column":4},"end":{"line":234,"column":7}},"85":{"start":{"line":239,"column":38},"end":{"line":255,"column":1}},"86":{"start":{"line":240,"column":2},"end":{"line":254,"column":3}},"87":{"start":{"line":241,"column":19},"end":{"line":245,"column":30}},"88":{"start":{"line":246,"column":4},"end":{"line":246,"column":21}},"89":{"start":{"line":248,"column":4},"end":{"line":248,"column":23}},"90":{"start":{"line":249,"column":4},"end":{"line":253,"column":7}},"91":{"start":{"line":258,"column":37},"end":{"line":310,"column":1}},"92":{"start":{"line":259,"column":2},"end":{"line":309,"column":3}},"93":{"start":{"line":260,"column":24},"end":{"line":260,"column":34}},"94":{"start":{"line":261,"column":23},"end":{"line":261,"column":31}},"95":{"start":{"line":264,"column":4},"end":{"line":269,"column":5}},"96":{"start":{"line":265,"column":6},"end":{"line":268,"column":9}},"97":{"start":{"line":271,"column":4},"end":{"line":276,"column":5}},"98":{"start":{"line":272,"column":6},"end":{"line":275,"column":9}},"99":{"start":{"line":279,"column":28},"end":{"line":279,"column":90}},"100":{"start":{"line":280,"column":4},"end":{"line":285,"column":5}},"101":{"start":{"line":281,"column":6},"end":{"line":284,"column":9}},"102":{"start":{"line":288,"column":26},"end":{"line":288,"column":60}},"103":{"start":{"line":289,"column":4},"end":{"line":294,"column":5}},"104":{"start":{"line":290,"column":6},"end":{"line":293,"column":9}},"105":{"start":{"line":296,"column":19},"end":{"line":300,"column":5}},"106":{"start":{"line":301,"column":4},"end":{"line":301,"column":21}},"107":{"start":{"line":303,"column":4},"end":{"line":303,"column":23}},"108":{"start":{"line":304,"column":4},"end":{"line":308,"column":7}}},"fnMap":{"0":{"name":"(anonymous_0)","decl":{"start":{"line":7,"column":34},"end":{"line":7,"column":35}},"loc":{"start":{"line":7,"column":54},"end":{"line":68,"column":1}},"line":7},"1":{"name":"(anonymous_1)","decl":{"start":{"line":71,"column":31},"end":{"line":71,"column":32}},"loc":{"start":{"line":71,"column":51},"end":{"line":121,"column":1}},"line":71},"2":{"name":"(anonymous_2)","decl":{"start":{"line":124,"column":40},"end":{"line":124,"column":41}},"loc":{"start":{"line":124,"column":60},"end":{"line":164,"column":1}},"line":124},"3":{"name":"(anonymous_3)","decl":{"start":{"line":167,"column":30},"end":{"line":167,"column":31}},"loc":{"start":{"line":167,"column":44},"end":{"line":174,"column":1}},"line":167},"4":{"name":"(anonymous_4)","decl":{"start":{"line":177,"column":39},"end":{"line":177,"column":40}},"loc":{"start":{"line":177,"column":59},"end":{"line":218,"column":1}},"line":177},"5":{"name":"(anonymous_5)","decl":{"start":{"line":221,"column":35},"end":{"line":221,"column":36}},"loc":{"start":{"line":221,"column":55},"end":{"line":236,"column":1}},"line":221},"6":{"name":"(anonymous_6)","decl":{"start":{"line":239,"column":38},"end":{"line":239,"column":39}},"loc":{"start":{"line":239,"column":58},"end":{"line":255,"column":1}},"line":239},"7":{"name":"(anonymous_7)","decl":{"start":{"line":258,"column":37},"end":{"line":258,"column":38}},"loc":{"start":{"line":258,"column":57},"end":{"line":310,"column":1}},"line":258}},"branchMap":{"0":{"loc":{"start":{"line":11,"column":4},"end":{"line":13,"column":5}},"type":"if","locations":[{"start":{"line":11,"column":4},"end":{"line":13,"column":5}},{"start":{},"end":{}}],"line":11},"1":{"loc":{"start":{"line":14,"column":4},"end":{"line":16,"column":5}},"type":"if","locations":[{"start":{"line":14,"column":4},"end":{"line":16,"column":5}},{"start":{},"end":{}}],"line":14},"2":{"loc":{"start":{"line":19,"column":4},"end":{"line":21,"column":5}},"type":"if","locations":[{"start":{"line":19,"column":4},"end":{"line":21,"column":5}},{"start":{},"end":{}}],"line":19},"3":{"loc":{"start":{"line":22,"column":4},"end":{"line":24,"column":5}},"type":"if","locations":[{"start":{"line":22,"column":4},"end":{"line":24,"column":5}},{"start":{},"end":{}}],"line":22},"4":{"loc":{"start":{"line":25,"column":4},"end":{"line":27,"column":5}},"type":"if","locations":[{"start":{"line":25,"column":4},"end":{"line":27,"column":5}},{"start":{},"end":{}}],"line":25},"5":{"loc":{"start":{"line":28,"column":4},"end":{"line":30,"column":5}},"type":"if","locations":[{"start":{"line":28,"column":4},"end":{"line":30,"column":5}},{"start":{},"end":{}}],"line":28},"6":{"loc":{"start":{"line":31,"column":4},"end":{"line":33,"column":5}},"type":"if","locations":[{"start":{"line":31,"column":4},"end":{"line":33,"column":5}},{"start":{},"end":{}}],"line":31},"7":{"loc":{"start":{"line":37,"column":4},"end":{"line":42,"column":5}},"type":"if","locations":[{"start":{"line":37,"column":4},"end":{"line":42,"column":5}},{"start":{},"end":{}}],"line":37},"8":{"loc":{"start":{"line":75,"column":4},"end":{"line":80,"column":5}},"type":"if","locations":[{"start":{"line":75,"column":4},"end":{"line":80,"column":5}},{"start":{},"end":{}}],"line":75},"9":{"loc":{"start":{"line":75,"column":8},"end":{"line":75,"column":27}},"type":"binary-expr","locations":[{"start":{"line":75,"column":8},"end":{"line":75,"column":14}},{"start":{"line":75,"column":18},"end":{"line":75,"column":27}}],"line":75},"10":{"loc":{"start":{"line":83,"column":4},"end":{"line":88,"column":5}},"type":"if","locations":[{"start":{"line":83,"column":4},"end":{"line":88,"column":5}},{"start":{},"end":{}}],"line":83},"11":{"loc":{"start":{"line":90,"column":4},"end":{"line":95,"column":5}},"type":"if","locations":[{"start":{"line":90,"column":4},"end":{"line":95,"column":5}},{"start":{},"end":{}}],"line":90},"12":{"loc":{"start":{"line":127,"column":4},"end":{"line":129,"column":5}},"type":"if","locations":[{"start":{"line":127,"column":4},"end":{"line":129,"column":5}},{"start":{},"end":{}}],"line":127},"13":{"loc":{"start":{"line":132,"column":4},"end":{"line":134,"column":5}},"type":"if","locations":[{"start":{"line":132,"column":4},"end":{"line":134,"column":5}},{"start":{},"end":{}}],"line":132},"14":{"loc":{"start":{"line":135,"column":4},"end":{"line":137,"column":5}},"type":"if","locations":[{"start":{"line":135,"column":4},"end":{"line":137,"column":5}},{"start":{},"end":{}}],"line":135},"15":{"loc":{"start":{"line":138,"column":4},"end":{"line":140,"column":5}},"type":"if","locations":[{"start":{"line":138,"column":4},"end":{"line":140,"column":5}},{"start":{},"end":{}}],"line":138},"16":{"loc":{"start":{"line":144,"column":4},"end":{"line":149,"column":5}},"type":"if","locations":[{"start":{"line":144,"column":4},"end":{"line":149,"column":5}},{"start":{},"end":{}}],"line":144},"17":{"loc":{"start":{"line":183,"column":4},"end":{"line":188,"column":5}},"type":"if","locations":[{"start":{"line":183,"column":4},"end":{"line":188,"column":5}},{"start":{},"end":{}}],"line":183},"18":{"loc":{"start":{"line":191,"column":4},"end":{"line":193,"column":5}},"type":"if","locations":[{"start":{"line":191,"column":4},"end":{"line":193,"column":5}},{"start":{},"end":{}}],"line":191},"19":{"loc":{"start":{"line":191,"column":8},"end":{"line":191,"column":39}},"type":"binary-expr","locations":[{"start":{"line":191,"column":8},"end":{"line":191,"column":16}},{"start":{"line":191,"column":20},"end":{"line":191,"column":39}}],"line":191},"20":{"loc":{"start":{"line":194,"column":27},"end":{"line":194,"column":78}},"type":"cond-expr","locations":[{"start":{"line":194,"column":38},"end":{"line":194,"column":66}},{"start":{"line":194,"column":69},"end":{"line":194,"column":78}}],"line":194},"21":{"loc":{"start":{"line":198,"column":14},"end":{"line":198,"column":31}},"type":"binary-expr","locations":[{"start":{"line":198,"column":14},"end":{"line":198,"column":18}},{"start":{"line":198,"column":22},"end":{"line":198,"column":31}}],"line":198},"22":{"loc":{"start":{"line":199,"column":18},"end":{"line":199,"column":49}},"type":"binary-expr","locations":[{"start":{"line":199,"column":18},"end":{"line":199,"column":32}},{"start":{"line":199,"column":36},"end":{"line":199,"column":49}}],"line":199},"23":{"loc":{"start":{"line":200,"column":15},"end":{"line":200,"column":34}},"type":"binary-expr","locations":[{"start":{"line":200,"column":15},"end":{"line":200,"column":20}},{"start":{"line":200,"column":24},"end":{"line":200,"column":34}}],"line":200},"24":{"loc":{"start":{"line":201,"column":17},"end":{"line":201,"column":40}},"type":"binary-expr","locations":[{"start":{"line":201,"column":17},"end":{"line":201,"column":24}},{"start":{"line":201,"column":28},"end":{"line":201,"column":40}}],"line":201},"25":{"loc":{"start":{"line":264,"column":4},"end":{"line":269,"column":5}},"type":"if","locations":[{"start":{"line":264,"column":4},"end":{"line":269,"column":5}},{"start":{},"end":{}}],"line":264},"26":{"loc":{"start":{"line":271,"column":4},"end":{"line":276,"column":5}},"type":"if","locations":[{"start":{"line":271,"column":4},"end":{"line":276,"column":5}},{"start":{},"end":{}}],"line":271},"27":{"loc":{"start":{"line":280,"column":4},"end":{"line":285,"column":5}},"type":"if","locations":[{"start":{"line":280,"column":4},"end":{"line":285,"column":5}},{"start":{},"end":{}}],"line":280},"28":{"loc":{"start":{"line":289,"column":4},"end":{"line":294,"column":5}},"type":"if","locations":[{"start":{"line":289,"column":4},"end":{"line":294,"column":5}},{"start":{},"end":{}}],"line":289}},"s":{"0":3,"1":17,"2":17,"3":17,"4":1,"5":16,"6":1,"7":15,"8":15,"9":1,"10":14,"11":1,"12":13,"13":1,"14":12,"15":1,"16":11,"17":1,"18":10,"19":9,"20":2,"21":7,"22":7,"23":7,"24":1,"25":1,"26":3,"27":18,"28":18,"29":18,"30":2,"31":16,"32":15,"33":1,"34":14,"35":14,"36":2,"37":12,"38":12,"39":1,"40":1,"41":3,"42":9,"43":9,"44":9,"45":1,"46":8,"47":8,"48":1,"49":7,"50":1,"51":6,"52":1,"53":5,"54":4,"55":2,"56":2,"57":2,"58":2,"59":1,"60":1,"61":3,"62":2,"63":2,"64":1,"65":1,"66":3,"67":9,"68":9,"69":9,"70":9,"71":1,"72":8,"73":1,"74":7,"75":7,"76":6,"77":1,"78":1,"79":3,"80":3,"81":3,"82":2,"83":1,"84":1,"85":3,"86":3,"87":3,"88":2,"89":1,"90":1,"91":3,"92":7,"93":7,"94":7,"95":7,"96":1,"97":6,"98":1,"99":5,"100":5,"101":1,"102":4,"103":4,"104":1,"105":3,"106":2,"107":1,"108":1},"f":{"0":17,"1":18,"2":9,"3":2,"4":9,"5":3,"6":3,"7":7},"b":{"0":[1,16],"1":[1,15],"2":[1,14],"3":[1,13],"4":[1,12],"5":[1,11],"6":[1,10],"7":[2,7],"8":[2,16],"9":[18,17],"10":[1,14],"11":[2,12],"12":[1,8],"13":[1,7],"14":[1,6],"15":[1,5],"16":[2,2],"17":[1,8],"18":[1,7],"19":[8,7],"20":[6,1],"21":[7,1],"22":[7,1],"23":[7,1],"24":[7,1],"25":[1,6],"26":[1,5],"27":[1,4],"28":[1,3]},"_coverageSchema":"1a1c01bbd47fc00a2c39e90264f33305004495a9","hash":"66ed32c3393557b8a9ce6726bfdbceac4f3937ba"}
,"/Users/zhenxu/Documents/Code/Trae Projects/cs4218-2420-ecom-project-team07/controllers/categoryController.js": {"path":"/Users/zhenxu/Documents/Code/Trae Projects/cs4218-2420-ecom-project-team07/controllers/categoryController.js","statementMap":{"0":{"start":{"line":4,"column":40},"end":{"line":38,"column":1}},"1":{"start":{"line":5,"column":2},"end":{"line":37,"column":3}},"2":{"start":{"line":6,"column":21},"end":{"line":6,"column":29}},"3":{"start":{"line":8,"column":4},"end":{"line":13,"column":5}},"4":{"start":{"line":9,"column":6},"end":{"line":12,"column":9}},"5":{"start":{"line":14,"column":29},"end":{"line":14,"column":66}},"6":{"start":{"line":15,"column":4},"end":{"line":20,"column":5}},"7":{"start":{"line":16,"column":6},"end":{"line":19,"column":9}},"8":{"start":{"line":21,"column":21},"end":{"line":24,"column":13}},"9":{"start":{"line":25,"column":4},"end":{"line":29,"column":7}},"10":{"start":{"line":31,"column":4},"end":{"line":31,"column":23}},"11":{"start":{"line":32,"column":4},"end":{"line":36,"column":7}},"12":{"start":{"line":41,"column":40},"end":{"line":95,"column":1}},"13":{"start":{"line":42,"column":2},"end":{"line":94,"column":3}},"14":{"start":{"line":43,"column":21},"end":{"line":43,"column":29}},"15":{"start":{"line":44,"column":19},"end":{"line":44,"column":29}},"16":{"start":{"line":46,"column":4},"end":{"line":51,"column":5}},"17":{"start":{"line":47,"column":6},"end":{"line":50,"column":9}},"18":{"start":{"line":53,"column":4},"end":{"line":58,"column":5}},"19":{"start":{"line":54,"column":6},"end":{"line":57,"column":9}},"20":{"start":{"line":61,"column":29},"end":{"line":61,"column":84}},"21":{"start":{"line":62,"column":4},"end":{"line":67,"column":5}},"22":{"start":{"line":63,"column":6},"end":{"line":66,"column":9}},"23":{"start":{"line":69,"column":21},"end":{"line":73,"column":5}},"24":{"start":{"line":75,"column":4},"end":{"line":80,"column":5}},"25":{"start":{"line":76,"column":6},"end":{"line":79,"column":9}},"26":{"start":{"line":82,"column":4},"end":{"line":86,"column":7}},"27":{"start":{"line":88,"column":4},"end":{"line":88,"column":23}},"28":{"start":{"line":89,"column":4},"end":{"line":93,"column":7}},"29":{"start":{"line":98,"column":34},"end":{"line":114,"column":1}},"30":{"start":{"line":99,"column":2},"end":{"line":113,"column":3}},"31":{"start":{"line":100,"column":21},"end":{"line":100,"column":49}},"32":{"start":{"line":101,"column":4},"end":{"line":105,"column":7}},"33":{"start":{"line":107,"column":4},"end":{"line":107,"column":23}},"34":{"start":{"line":108,"column":4},"end":{"line":112,"column":7}},"35":{"start":{"line":117,"column":40},"end":{"line":150,"column":1}},"36":{"start":{"line":118,"column":2},"end":{"line":149,"column":3}},"37":{"start":{"line":119,"column":21},"end":{"line":119,"column":31}},"38":{"start":{"line":121,"column":4},"end":{"line":126,"column":5}},"39":{"start":{"line":122,"column":6},"end":{"line":125,"column":9}},"40":{"start":{"line":128,"column":21},"end":{"line":128,"column":58}},"41":{"start":{"line":130,"column":4},"end":{"line":135,"column":5}},"42":{"start":{"line":131,"column":6},"end":{"line":134,"column":9}},"43":{"start":{"line":137,"column":4},"end":{"line":141,"column":7}},"44":{"start":{"line":143,"column":4},"end":{"line":143,"column":23}},"45":{"start":{"line":144,"column":4},"end":{"line":148,"column":7}},"46":{"start":{"line":153,"column":40},"end":{"line":185,"column":1}},"47":{"start":{"line":154,"column":2},"end":{"line":184,"column":3}},"48":{"start":{"line":155,"column":19},"end":{"line":155,"column":29}},"49":{"start":{"line":157,"column":4},"end":{"line":162,"column":5}},"50":{"start":{"line":158,"column":6},"end":{"line":161,"column":9}},"51":{"start":{"line":164,"column":28},"end":{"line":164,"column":69}},"52":{"start":{"line":166,"column":4},"end":{"line":171,"column":5}},"53":{"start":{"line":167,"column":6},"end":{"line":170,"column":9}},"54":{"start":{"line":173,"column":4},"end":{"line":176,"column":7}},"55":{"start":{"line":178,"column":4},"end":{"line":178,"column":23}},"56":{"start":{"line":179,"column":4},"end":{"line":183,"column":7}}},"fnMap":{"0":{"name":"(anonymous_0)","decl":{"start":{"line":4,"column":40},"end":{"line":4,"column":41}},"loc":{"start":{"line":4,"column":60},"end":{"line":38,"column":1}},"line":4},"1":{"name":"(anonymous_1)","decl":{"start":{"line":41,"column":40},"end":{"line":41,"column":41}},"loc":{"start":{"line":41,"column":60},"end":{"line":95,"column":1}},"line":41},"2":{"name":"(anonymous_2)","decl":{"start":{"line":98,"column":34},"end":{"line":98,"column":35}},"loc":{"start":{"line":98,"column":54},"end":{"line":114,"column":1}},"line":98},"3":{"name":"(anonymous_3)","decl":{"start":{"line":117,"column":40},"end":{"line":117,"column":41}},"loc":{"start":{"line":117,"column":60},"end":{"line":150,"column":1}},"line":117},"4":{"name":"(anonymous_4)","decl":{"start":{"line":153,"column":40},"end":{"line":153,"column":41}},"loc":{"start":{"line":153,"column":60},"end":{"line":185,"column":1}},"line":153}},"branchMap":{"0":{"loc":{"start":{"line":8,"column":4},"end":{"line":13,"column":5}},"type":"if","locations":[{"start":{"line":8,"column":4},"end":{"line":13,"column":5}},{"start":{},"end":{}}],"line":8},"1":{"loc":{"start":{"line":15,"column":4},"end":{"line":20,"column":5}},"type":"if","locations":[{"start":{"line":15,"column":4},"end":{"line":20,"column":5}},{"start":{},"end":{}}],"line":15},"2":{"loc":{"start":{"line":46,"column":4},"end":{"line":51,"column":5}},"type":"if","locations":[{"start":{"line":46,"column":4},"end":{"line":51,"column":5}},{"start":{},"end":{}}],"line":46},"3":{"loc":{"start":{"line":53,"column":4},"end":{"line":58,"column":5}},"type":"if","locations":[{"start":{"line":53,"column":4},"end":{"line":58,"column":5}},{"start":{},"end":{}}],"line":53},"4":{"loc":{"start":{"line":62,"column":4},"end":{"line":67,"column":5}},"type":"if","locations":[{"start":{"line":62,"column":4},"end":{"line":67,"column":5}},{"start":{},"end":{}}],"line":62},"5":{"loc":{"start":{"line":75,"column":4},"end":{"line":80,"column":5}},"type":"if","locations":[{"start":{"line":75,"column":4},"end":{"line":80,"column":5}},{"start":{},"end":{}}],"line":75},"6":{"loc":{"start":{"line":121,"column":4},"end":{"line":126,"column":5}},"type":"if","locations":[{"start":{"line":121,"column":4},"end":{"line":126,"column":5}},{"start":{},"end":{}}],"line":121},"7":{"loc":{"start":{"line":130,"column":4},"end":{"line":135,"column":5}},"type":"if","locations":[{"start":{"line":130,"column":4},"end":{"line":135,"column":5}},{"start":{},"end":{}}],"line":130},"8":{"loc":{"start":{"line":157,"column":4},"end":{"line":162,"column":5}},"type":"if","locations":[{"start":{"line":157,"column":4},"end":{"line":162,"column":5}},{"start":{},"end":{}}],"line":157},"9":{"loc":{"start":{"line":166,"column":4},"end":{"line":171,"column":5}},"type":"if","locations":[{"start":{"line":166,"column":4},"end":{"line":171,"column":5}},{"start":{},"end":{}}],"line":166}},"s":{"0":3,"1":11,"2":11,"3":11,"4":2,"5":9,"6":8,"7":2,"8":6,"9":6,"10":1,"11":1,"12":3,"13":9,"14":9,"15":9,"16":9,"17":1,"18":8,"19":1,"20":7,"21":6,"22":2,"23":4,"24":4,"25":2,"26":2,"27":1,"28":1,"29":3,"30":4,"31":4,"32":3,"33":1,"34":1,"35":3,"36":6,"37":6,"38":6,"39":1,"40":5,"41":4,"42":2,"43":2,"44":1,"45":1,"46":3,"47":6,"48":6,"49":6,"50":1,"51":5,"52":4,"53":2,"54":2,"55":1,"56":1},"f":{"0":11,"1":9,"2":4,"3":6,"4":6},"b":{"0":[2,9],"1":[2,6],"2":[1,8],"3":[1,7],"4":[2,4],"5":[2,2],"6":[1,5],"7":[2,2],"8":[1,5],"9":[2,2]},"_coverageSchema":"1a1c01bbd47fc00a2c39e90264f33305004495a9","hash":"6ce8a4862fd7bf3c3ad11b58221957513f7f274a"}
}
