TN:
SF:controllers/authController.js
FN:7,(anonymous_0)
FN:71,(anonymous_1)
FN:124,(anonymous_2)
FN:167,(anonymous_3)
FN:177,(anonymous_4)
FN:221,(anonymous_5)
FN:239,(anonymous_6)
FN:258,(anonymous_7)
FNF:8
FNH:8
FNDA:10,(anonymous_0)
FNDA:6,(anonymous_1)
FNDA:7,(anonymous_2)
FNDA:2,(anonymous_3)
FNDA:8,(anonymous_4)
FNDA:2,(anonymous_5)
FNDA:2,(anonymous_6)
FNDA:6,(anonymous_7)
DA:7,1
DA:8,10
DA:9,10
DA:11,10
DA:12,1
DA:14,9
DA:15,1
DA:18,8
DA:19,8
DA:20,1
DA:22,7
DA:23,1
DA:25,6
DA:26,1
DA:28,5
DA:29,1
DA:31,4
DA:32,1
DA:35,3
DA:37,2
DA:38,1
DA:44,1
DA:46,1
DA:55,1
DA:61,1
DA:62,1
DA:71,1
DA:72,6
DA:73,6
DA:75,6
DA:76,2
DA:82,4
DA:83,3
DA:84,1
DA:89,2
DA:90,2
DA:91,1
DA:97,1
DA:100,1
DA:114,1
DA:115,1
DA:124,1
DA:125,7
DA:126,7
DA:127,7
DA:128,1
DA:131,6
DA:132,6
DA:133,1
DA:135,5
DA:136,1
DA:138,4
DA:139,1
DA:142,3
DA:144,2
DA:145,1
DA:150,1
DA:151,1
DA:152,1
DA:157,1
DA:158,1
DA:167,1
DA:168,2
DA:169,2
DA:171,1
DA:172,1
DA:177,1
DA:178,8
DA:179,8
DA:180,8
DA:183,8
DA:184,1
DA:191,7
DA:192,1
DA:194,6
DA:195,6
DA:205,5
DA:211,1
DA:212,1
DA:221,1
DA:222,2
DA:223,2
DA:227,1
DA:229,1
DA:230,1
DA:239,1
DA:240,2
DA:241,2
DA:246,1
DA:248,1
DA:249,1
DA:258,1
DA:259,6
DA:260,6
DA:261,6
DA:264,6
DA:265,1
DA:271,5
DA:272,1
DA:279,4
DA:280,4
DA:281,1
DA:288,3
DA:289,3
DA:290,1
DA:296,2
DA:301,1
DA:303,1
DA:304,1
LF:109
LH:109
BRDA:11,0,0,1
BRDA:11,0,1,9
BRDA:14,1,0,1
BRDA:14,1,1,8
BRDA:19,2,0,1
BRDA:19,2,1,7
BRDA:22,3,0,1
BRDA:22,3,1,6
BRDA:25,4,0,1
BRDA:25,4,1,5
BRDA:28,5,0,1
BRDA:28,5,1,4
BRDA:31,6,0,1
BRDA:31,6,1,3
BRDA:37,7,0,1
BRDA:37,7,1,1
BRDA:75,8,0,2
BRDA:75,8,1,4
BRDA:75,9,0,6
BRDA:75,9,1,5
BRDA:83,10,0,1
BRDA:83,10,1,2
BRDA:90,11,0,1
BRDA:90,11,1,1
BRDA:127,12,0,1
BRDA:127,12,1,6
BRDA:132,13,0,1
BRDA:132,13,1,5
BRDA:135,14,0,1
BRDA:135,14,1,4
BRDA:138,15,0,1
BRDA:138,15,1,3
BRDA:144,16,0,1
BRDA:144,16,1,1
BRDA:183,17,0,1
BRDA:183,17,1,7
BRDA:191,18,0,1
BRDA:191,18,1,6
BRDA:191,19,0,7
BRDA:191,19,1,6
BRDA:194,20,0,5
BRDA:194,20,1,1
BRDA:198,21,0,6
BRDA:198,21,1,1
BRDA:199,22,0,6
BRDA:199,22,1,1
BRDA:200,23,0,6
BRDA:200,23,1,1
BRDA:201,24,0,6
BRDA:201,24,1,1
BRDA:264,25,0,1
BRDA:264,25,1,5
BRDA:271,26,0,1
BRDA:271,26,1,4
BRDA:280,27,0,1
BRDA:280,27,1,3
BRDA:289,28,0,1
BRDA:289,28,1,2
BRF:58
BRH:58
end_of_record
TN:
SF:controllers/categoryController.js
FN:4,(anonymous_0)
FN:41,(anonymous_1)
FN:98,(anonymous_2)
FN:117,(anonymous_3)
FN:153,(anonymous_4)
FNF:5
FNH:5
FNDA:4,(anonymous_0)
FNDA:6,(anonymous_1)
FNDA:3,(anonymous_2)
FNDA:4,(anonymous_3)
FNDA:4,(anonymous_4)
DA:4,1
DA:5,4
DA:6,4
DA:8,4
DA:9,1
DA:14,3
DA:15,2
DA:16,1
DA:21,1
DA:25,1
DA:31,1
DA:32,1
DA:41,1
DA:42,6
DA:43,6
DA:44,6
DA:46,6
DA:47,1
DA:53,5
DA:54,1
DA:61,4
DA:62,3
DA:63,1
DA:69,2
DA:75,2
DA:76,1
DA:82,1
DA:88,1
DA:89,1
DA:98,1
DA:99,3
DA:100,3
DA:101,2
DA:107,1
DA:108,1
DA:117,1
DA:118,4
DA:119,4
DA:121,4
DA:122,1
DA:128,3
DA:130,2
DA:131,1
DA:137,1
DA:143,1
DA:144,1
DA:153,1
DA:154,4
DA:155,4
DA:157,4
DA:158,1
DA:164,3
DA:166,2
DA:167,1
DA:173,1
DA:178,1
DA:179,1
LF:57
LH:57
BRDA:8,0,0,1
BRDA:8,0,1,3
BRDA:15,1,0,1
BRDA:15,1,1,1
BRDA:46,2,0,1
BRDA:46,2,1,5
BRDA:53,3,0,1
BRDA:53,3,1,4
BRDA:62,4,0,1
BRDA:62,4,1,2
BRDA:75,5,0,1
BRDA:75,5,1,1
BRDA:121,6,0,1
BRDA:121,6,1,3
BRDA:130,7,0,1
BRDA:130,7,1,1
BRDA:157,8,0,1
BRDA:157,8,1,3
BRDA:166,9,0,1
BRDA:166,9,1,1
BRF:20
BRH:20
end_of_record
TN:
SF:controllers/productController.js
FN:20,(anonymous_0)
FN:65,(anonymous_1)
FN:89,(anonymous_2)
FN:111,(anonymous_3)
FN:129,(anonymous_4)
FN:147,(anonymous_5)
FN:196,(anonymous_6)
FN:218,(anonymous_7)
FN:236,(anonymous_8)
FN:261,(anonymous_9)
FN:284,(anonymous_10)
FN:310,(anonymous_11)
FN:331,(anonymous_12)
FN:333,(anonymous_13)
FN:346,(anonymous_14)
FN:350,(anonymous_15)
FN:361,(anonymous_16)
FNF:17
FNH:0
FNDA:0,(anonymous_0)
FNDA:0,(anonymous_1)
FNDA:0,(anonymous_2)
FNDA:0,(anonymous_3)
FNDA:0,(anonymous_4)
FNDA:0,(anonymous_5)
FNDA:0,(anonymous_6)
FNDA:0,(anonymous_7)
FNDA:0,(anonymous_8)
FNDA:0,(anonymous_9)
FNDA:0,(anonymous_10)
FNDA:0,(anonymous_11)
FNDA:0,(anonymous_12)
FNDA:0,(anonymous_13)
FNDA:0,(anonymous_14)
FNDA:0,(anonymous_15)
FNDA:0,(anonymous_16)
DA:10,0
DA:13,0
DA:20,0
DA:21,0
DA:23,0
DA:24,0
DA:26,0
DA:28,0
DA:30,0
DA:32,0
DA:34,0
DA:36,0
DA:38,0
DA:43,0
DA:44,0
DA:45,0
DA:46,0
DA:48,0
DA:49,0
DA:55,0
DA:56,0
DA:65,0
DA:66,0
DA:67,0
DA:73,0
DA:80,0
DA:81,0
DA:89,0
DA:90,0
DA:91,0
DA:95,0
DA:101,0
DA:102,0
DA:111,0
DA:112,0
DA:113,0
DA:114,0
DA:115,0
DA:116,0
DA:119,0
DA:120,0
DA:129,0
DA:130,0
DA:131,0
DA:132,0
DA:137,0
DA:138,0
DA:147,0
DA:148,0
DA:150,0
DA:151,0
DA:153,0
DA:155,0
DA:157,0
DA:159,0
DA:161,0
DA:163,0
DA:165,0
DA:170,0
DA:175,0
DA:176,0
DA:177,0
DA:179,0
DA:180,0
DA:186,0
DA:187,0
DA:196,0
DA:197,0
DA:198,0
DA:199,0
DA:200,0
DA:201,0
DA:202,0
DA:203,0
DA:208,0
DA:209,0
DA:218,0
DA:219,0
DA:220,0
DA:221,0
DA:226,0
DA:227,0
DA:236,0
DA:237,0
DA:238,0
DA:239,0
DA:240,0
DA:246,0
DA:251,0
DA:252,0
DA:261,0
DA:262,0
DA:263,0
DA:264,0
DA:272,0
DA:274,0
DA:275,0
DA:284,0
DA:285,0
DA:286,0
DA:287,0
DA:295,0
DA:300,0
DA:301,0
DA:310,0
DA:311,0
DA:312,0
DA:313,0
DA:314,0
DA:320,0
DA:321,0
DA:331,0
DA:332,0
DA:333,0
DA:334,0
DA:335,0
DA:337,0
DA:341,0
DA:346,0
DA:347,0
DA:348,0
DA:349,0
DA:350,0
DA:351,0
DA:353,0
DA:362,0
DA:363,0
DA:368,0
DA:370,0
DA:375,0
LF:130
LH:0
BRDA:26,0,0,0
BRDA:26,0,1,0
BRDA:26,0,2,0
BRDA:26,0,3,0
BRDA:26,0,4,0
BRDA:26,0,5,0
BRDA:37,1,0,0
BRDA:37,1,1,0
BRDA:44,2,0,0
BRDA:44,2,1,0
BRDA:114,3,0,0
BRDA:114,3,1,0
BRDA:153,4,0,0
BRDA:153,4,1,0
BRDA:153,4,2,0
BRDA:153,4,3,0
BRDA:153,4,4,0
BRDA:153,4,5,0
BRDA:164,5,0,0
BRDA:164,5,1,0
BRDA:175,6,0,0
BRDA:175,6,1,0
BRDA:200,7,0,0
BRDA:200,7,1,0
BRDA:201,8,0,0
BRDA:201,8,1,0
BRDA:239,9,0,0
BRDA:239,9,1,0
BRDA:334,10,0,0
BRDA:334,10,1,0
BRDA:362,11,0,0
BRDA:362,11,1,0
BRF:32
BRH:0
end_of_record
