TN:
SF:controllers/categoryController.js
FN:4,(anonymous_0)
FN:41,(anonymous_1)
FN:98,(anonymous_2)
FN:117,(anonymous_3)
FN:153,(anonymous_4)
FNF:5
FNH:5
FNDA:4,(anonymous_0)
FNDA:6,(anonymous_1)
FNDA:3,(anonymous_2)
FNDA:4,(anonymous_3)
FNDA:4,(anonymous_4)
DA:4,1
DA:5,4
DA:6,4
DA:8,4
DA:9,1
DA:14,3
DA:15,2
DA:16,1
DA:21,1
DA:25,1
DA:31,1
DA:32,1
DA:41,1
DA:42,6
DA:43,6
DA:44,6
DA:46,6
DA:47,1
DA:53,5
DA:54,1
DA:61,4
DA:62,3
DA:63,1
DA:69,2
DA:75,2
DA:76,1
DA:82,1
DA:88,1
DA:89,1
DA:98,1
DA:99,3
DA:100,3
DA:101,2
DA:107,1
DA:108,1
DA:117,1
DA:118,4
DA:119,4
DA:121,4
DA:122,1
DA:128,3
DA:130,2
DA:131,1
DA:137,1
DA:143,1
DA:144,1
DA:153,1
DA:154,4
DA:155,4
DA:157,4
DA:158,1
DA:164,3
DA:166,2
DA:167,1
DA:173,1
DA:178,1
DA:179,1
LF:57
LH:57
BRDA:8,0,0,1
BRDA:8,0,1,3
BRDA:15,1,0,1
BRDA:15,1,1,1
BRDA:46,2,0,1
BRDA:46,2,1,5
BRDA:53,3,0,1
BRDA:53,3,1,4
BRDA:62,4,0,1
BRDA:62,4,1,2
BRDA:75,5,0,1
BRDA:75,5,1,1
BRDA:121,6,0,1
BRDA:121,6,1,3
BRDA:130,7,0,1
BRDA:130,7,1,1
BRDA:157,8,0,1
BRDA:157,8,1,3
BRDA:166,9,0,1
BRDA:166,9,1,1
BRF:20
BRH:20
end_of_record
